2018-09-28T16:36:11.342Z info:     __ __    ___         
2018-09-28T16:36:11.343Z info:    / // /__ / (_)_ __    
2018-09-28T16:36:11.343Z info:   / _  / -_) / /\ \ / 
2018-09-28T16:36:11.343Z info:  /_//_/\__/_/_//_\_\ v0.7.7
2018-09-28T16:36:11.343Z info:                          
2018-09-28T16:36:24.185Z info:     __ __    ___         
2018-09-28T16:36:24.186Z info:    / // /__ / (_)_ __    
2018-09-28T16:36:24.186Z info:   / _  / -_) / /\ \ / 
2018-09-28T16:36:24.186Z info:  /_//_/\__/_/_//_\_\ v0.7.7
2018-09-28T16:36:24.186Z info:                          
2018-09-28T16:36:24.264Z info: Local Helix Dev server up and running: http://localhost:3000/
2018-09-28T17:44:01.089Z info:     __ __    ___         
2018-09-28T17:44:01.090Z info:    / // /__ / (_)_ __    
2018-09-28T17:44:01.090Z info:   / _  / -_) / /\ \ / 
2018-09-28T17:44:01.090Z info:  /_//_/\__/_/_//_\_\ v0.7.7
2018-09-28T17:44:01.090Z info:                          
2018-09-28T17:44:01.169Z info: Local Helix Dev server up and running: http://localhost:3000/
2018-09-28T17:50:03.708Z info:     __ __    ___         
2018-09-28T17:50:03.709Z info:    / // /__ / (_)_ __    
2018-09-28T17:50:03.709Z info:   / _  / -_) / /\ \ / 
2018-09-28T17:50:03.709Z info:  /_//_/\__/_/_//_\_\ v0.7.7
2018-09-28T17:50:03.709Z info:                          
2018-09-28T17:50:03.781Z info: Local Helix Dev server up and running: http://localhost:3000/
2018-09-28T18:17:40.706Z error: Resource not found: /favicon.ico
2018-09-28T18:23:47.514Z info:     __ __    ___         
2018-09-28T18:23:47.515Z info:    / // /__ / (_)_ __    
2018-09-28T18:23:47.515Z info:   / _  / -_) / /\ \ / 
2018-09-28T18:23:47.515Z info:  /_//_/\__/_/_//_\_\ v0.7.7
2018-09-28T18:23:47.515Z info:                          
2018-09-28T18:23:47.827Z info: Local Helix Dev server up and running: http://localhost:3000/
2018-09-28T18:34:24.288Z info:     __ __    ___         
2018-09-28T18:34:24.289Z info:    / // /__ / (_)_ __    
2018-09-28T18:34:24.289Z info:   / _  / -_) / /\ \ / 
2018-09-28T18:34:24.290Z info:  /_//_/\__/_/_//_\_\ v0.7.9
2018-09-28T18:34:24.290Z info:                          
2018-09-28T18:34:24.621Z info: Local Helix Dev server up and running: http://localhost:3000/
2018-09-28T18:37:59.266Z info:     __ __    ___         
2018-09-28T18:37:59.267Z info:    / // /__ / (_)_ __    
2018-09-28T18:37:59.267Z info:   / _  / -_) / /\ \ / 
2018-09-28T18:37:59.267Z info:  /_//_/\__/_/_//_\_\ v0.7.9
2018-09-28T18:37:59.267Z info:                          
2018-09-28T18:37:59.601Z info: Local Helix Dev server up and running: http://localhost:3000/
